Arguments: 
  /usr/local/lib/nodejs/node-v12.13.0-linux-x64/bin/node /usr/local/bin/yarn create-react-app newDevs-FE

PATH: 
  /usr/local/lib/nodejs/node-v12.13.0-linux-x64/bin:/home/skyler/.local/bin:/home/skyler/Android/Sdk/platform-tools:/home/skyler/Android/Sdk/tools:/usr/local/bin:/usr/bin:/bin:/usr/local/games:/usr/games:/usr/lib/jvm/java-13-oracle/bin:/usr/lib/jvm/java-13-oracle/db/bin

Yarn version: 
  1.19.1

Node version: 
  12.13.0

Platform: 
  linux x64

Trace: 
  SyntaxError: /home/skyler/newDevs/package.json: Unexpected end of JSON input
      at JSON.parse (<anonymous>)
      at /usr/local/lib/node_modules/yarn/lib/cli.js:1625:59
      at Generator.next (<anonymous>)
      at step (/usr/local/lib/node_modules/yarn/lib/cli.js:304:30)
      at /usr/local/lib/node_modules/yarn/lib/cli.js:315:13

npm manifest: 
  

yarn manifest: 
  No manifest

Lockfile: 
  # THIS IS AN AUTOGENERATED FILE. DO NOT EDIT THIS FILE DIRECTLY.
  # yarn lockfile v1
